{"name": "Тест проверяет, что после оформления заказа его номер появляется в разделе 'В работе'", "status": "broken", "statusDetails": {"message": "selenium.common.exceptions.TimeoutException: Message:", "trace": "self = <tests.test_feed_page.TestFeedPage object at 0x000001EB6116C6E0>, driver = <selenium.webdriver.firefox.webdriver.WebDriver (session=\"b20df8a1-0078-4fb6-b096-3f2288e64529\")>\ncreate_new_customer_and_delete_after_test = {'email': 'xe2diylv@test.com', 'name': 'gjmiyincmk', 'password': 'boubmtsogq'}\n\n    @allure.title(\"Тест проверяет, что после оформления заказа его номер появляется в разделе 'В работе'\")\n    def test_check_order_in_progress(self, driver, create_new_customer_and_delete_after_test):\n        payload = create_new_customer_and_delete_after_test\n        personal_account_page = PersonalAccountPage(driver)\n        main_page = MainPage(driver)\n        feed_page = FeedPage(driver)\n    \n        main_page.click_personal_account_button()\n        personal_account_page.sign_up_and_sign_in(payload)\n>       order_number = main_page.get_order_number()\n\ntests\\test_feed_page.py:73: \n_ _ _ _ _ _ _ _ _ _ _ _ _ _ _ _ _ _ _ _ _ _ _ _ _ _ _ _ _ _ _ _ _ _ _ _ _ _ _ _ _ _ _ _ _ _ _ _ _ _ _ _ _ _ _ _ _ _ _ _ _ _ _ _ _ _ _ _ _ _ _ _ _ _ _ _ _ _ _ _ _ _ _ _ _ _ _ _ _ _ _ _\npages\\main_page.py:90: in get_order_number\n    self.wait_for_number_to_change(MainPageLocators.ORDER_NUMBER, '9999')\npages\\base_page.py:35: in wait_for_number_to_change\n    return WebDriverWait(self.driver, 20).until_not(\n_ _ _ _ _ _ _ _ _ _ _ _ _ _ _ _ _ _ _ _ _ _ _ _ _ _ _ _ _ _ _ _ _ _ _ _ _ _ _ _ _ _ _ _ _ _ _ _ _ _ _ _ _ _ _ _ _ _ _ _ _ _ _ _ _ _ _ _ _ _ _ _ _ _ _ _ _ _ _ _ _ _ _ _ _ _ _ _ _ _ _ _\n\nself = <selenium.webdriver.support.wait.WebDriverWait (session=\"b20df8a1-0078-4fb6-b096-3f2288e64529\")>\nmethod = <function text_to_be_present_in_element.<locals>._predicate at 0x000001EB6147B240>, message = ''\n\n    def until_not(self, method: Callable[[D], T], message: str = \"\") -> Union[T, Literal[True]]:\n        \"\"\"Calls the method provided with the driver as an argument until the \\\n        return value evaluates to ``False``.\n    \n        :param method: callable(WebDriver)\n        :param message: optional message for :exc:`TimeoutException`\n        :returns: the result of the last call to `method`, or\n                  ``True`` if `method` has raised one of the ignored exceptions\n        :raises: :exc:`selenium.common.exceptions.TimeoutException` if timeout occurs\n        \"\"\"\n        end_time = time.monotonic() + self._timeout\n        while True:\n            try:\n                value = method(self._driver)\n                if not value:\n                    return value\n            except self._ignored_exceptions:\n                return True\n            time.sleep(self._poll)\n            if time.monotonic() > end_time:\n                break\n>       raise TimeoutException(message)\nE       selenium.common.exceptions.TimeoutException: Message:\n\n..\\..\\..\\AppData\\Local\\Programs\\Python\\Python312\\Lib\\site-packages\\selenium\\webdriver\\support\\wait.py:128: TimeoutException"}, "steps": [{"name": "Переход по клику на «Личный кабинет»", "status": "passed", "steps": [{"name": "Клик по оверлею", "status": "passed", "start": 1721814445727, "stop": 1721814446169}, {"name": "Клик по оверлею", "status": "passed", "start": 1721814446483, "stop": 1721814446842}], "start": 1721814445727, "stop": 1721814446843}, {"name": "Регистрация и вход", "status": "passed", "parameters": [{"name": "payload", "value": "{'email': 'xe2diylv@test.com', 'password': 'boubmtsogq', 'name': 'gjmiyincmk'}"}], "start": 1721814446843, "stop": 1721814447936}, {"name": "Получение номера оформленного заказа", "status": "broken", "statusDetails": {"message": "selenium.common.exceptions.TimeoutException: Message: \n\n", "trace": "  File \"C:\\Users\\blood\\AppData\\Local\\Programs\\Python\\Python312\\Lib\\site-packages\\allure_commons\\_allure.py\", line 192, in impl\n    return func(*a, **kw)\n           ^^^^^^^^^^^^^^\n  File \"C:\\Users\\blood\\PycharmProjects\\Diplom\\Diplom_3\\pages\\main_page.py\", line 90, in get_order_number\n    self.wait_for_number_to_change(MainPageLocators.ORDER_NUMBER, '9999')\n  File \"C:\\Users\\blood\\PycharmProjects\\Diplom\\Diplom_3\\pages\\base_page.py\", line 35, in wait_for_number_to_change\n    return WebDriverWait(self.driver, 20).until_not(\n           ^^^^^^^^^^^^^^^^^^^^^^^^^^^^^^^^^^^^^^^^^\n  File \"C:\\Users\\blood\\AppData\\Local\\Programs\\Python\\Python312\\Lib\\site-packages\\selenium\\webdriver\\support\\wait.py\", line 128, in until_not\n    raise TimeoutException(message)\n"}, "steps": [{"name": "Добавление ингредиента в заказ", "status": "passed", "start": 1721814447937, "stop": 1721814458608}], "start": 1721814447937, "stop": 1721814479262}], "parameters": [{"name": "driver", "value": "'firefox'"}], "start": 1721814445727, "stop": 1721814479262, "uuid": "ac5a53c0-f561-49c4-883f-95beedd1515c", "historyId": "661eed2a2d3f18a3c0756519633e203a", "testCaseId": "2ba0d0121a32ce990950d629ee4bf8c0", "fullName": "tests.test_feed_page.TestFeedPage#test_check_order_in_progress", "labels": [{"name": "parentSuite", "value": "tests"}, {"name": "suite", "value": "test_feed_page"}, {"name": "subSuite", "value": "TestFeedPage"}, {"name": "host", "value": "LAPTOP-GCA4K5A1"}, {"name": "thread", "value": "6856-MainThread"}, {"name": "framework", "value": "pytest"}, {"name": "language", "value": "cpython3"}, {"name": "package", "value": "tests.test_feed_page"}]}