{"name": "Тест проверяет, что при создании нового заказа счётчик 'Выполнено за всё время' увеличивается", "status": "broken", "statusDetails": {"message": "selenium.common.exceptions.TimeoutException: Message:", "trace": "self = <tests.test_feed_page.TestFeedPage object at 0x000001EB6116C0B0>, driver = <selenium.webdriver.firefox.webdriver.WebDriver (session=\"b46134ac-16b2-4219-911c-71b1105780b4\")>\ncreate_new_customer_and_delete_after_test = {'email': 'djm9lsz5@test.com', 'name': 'napjmacjwg', 'password': 'monrexgnoe'}\n\n    @allure.title(\"Тест проверяет, что при создании нового заказа счётчик 'Выполнено за всё время' увеличивается\")\n    def test_check_orders_number_all_time(self, driver, create_new_customer_and_delete_after_test):\n        payload = create_new_customer_and_delete_after_test\n        personal_account_page = PersonalAccountPage(driver)\n        main_page = MainPage(driver)\n        feed_page = FeedPage(driver)\n    \n        main_page.click_personal_account_button()\n        personal_account_page.sign_up_and_sign_in(payload)\n        main_page.click_feed_button()\n        orders_number_all_time = feed_page.get_orders_number_all_time()\n>       main_page.go_from_feed_to_make_order_then_to_feed()\n\ntests\\test_feed_page.py:45: \n_ _ _ _ _ _ _ _ _ _ _ _ _ _ _ _ _ _ _ _ _ _ _ _ _ _ _ _ _ _ _ _ _ _ _ _ _ _ _ _ _ _ _ _ _ _ _ _ _ _ _ _ _ _ _ _ _ _ _ _ _ _ _ _ _ _ _ _ _ _ _ _ _ _ _ _ _ _ _ _ _ _ _ _ _ _ _ _ _ _ _ _\npages\\main_page.py:82: in go_from_feed_to_make_order_then_to_feed\n    self.wait_for_number_to_change(MainPageLocators.ORDER_NUMBER, '9999')\npages\\base_page.py:35: in wait_for_number_to_change\n    return WebDriverWait(self.driver, 20).until_not(\n_ _ _ _ _ _ _ _ _ _ _ _ _ _ _ _ _ _ _ _ _ _ _ _ _ _ _ _ _ _ _ _ _ _ _ _ _ _ _ _ _ _ _ _ _ _ _ _ _ _ _ _ _ _ _ _ _ _ _ _ _ _ _ _ _ _ _ _ _ _ _ _ _ _ _ _ _ _ _ _ _ _ _ _ _ _ _ _ _ _ _ _\n\nself = <selenium.webdriver.support.wait.WebDriverWait (session=\"b46134ac-16b2-4219-911c-71b1105780b4\")>\nmethod = <function text_to_be_present_in_element.<locals>._predicate at 0x000001EB6147B560>, message = ''\n\n    def until_not(self, method: Callable[[D], T], message: str = \"\") -> Union[T, Literal[True]]:\n        \"\"\"Calls the method provided with the driver as an argument until the \\\n        return value evaluates to ``False``.\n    \n        :param method: callable(WebDriver)\n        :param message: optional message for :exc:`TimeoutException`\n        :returns: the result of the last call to `method`, or\n                  ``True`` if `method` has raised one of the ignored exceptions\n        :raises: :exc:`selenium.common.exceptions.TimeoutException` if timeout occurs\n        \"\"\"\n        end_time = time.monotonic() + self._timeout\n        while True:\n            try:\n                value = method(self._driver)\n                if not value:\n                    return value\n            except self._ignored_exceptions:\n                return True\n            time.sleep(self._poll)\n            if time.monotonic() > end_time:\n                break\n>       raise TimeoutException(message)\nE       selenium.common.exceptions.TimeoutException: Message:\n\n..\\..\\..\\AppData\\Local\\Programs\\Python\\Python312\\Lib\\site-packages\\selenium\\webdriver\\support\\wait.py:128: TimeoutException"}, "steps": [{"name": "Переход по клику на «Личный кабинет»", "status": "passed", "steps": [{"name": "Клик по оверлею", "status": "passed", "start": 1721814286191, "stop": 1721814286542}, {"name": "Клик по оверлею", "status": "passed", "start": 1721814286873, "stop": 1721814287223}], "start": 1721814286191, "stop": 1721814287223}, {"name": "Регистрация и вход", "status": "passed", "parameters": [{"name": "payload", "value": "{'email': 'djm9lsz5@test.com', 'password': 'monrexgnoe', 'name': 'napjmacjwg'}"}], "start": 1721814287223, "stop": 1721814288408}, {"name": "Переход в раздел «Лента заказов»", "status": "passed", "steps": [{"name": "Клик по оверлею", "status": "passed", "start": 1721814288408, "stop": 1721814288739}], "start": 1721814288408, "stop": 1721814289007}, {"name": "Получение количества заказов за все время", "status": "passed", "start": 1721814289007, "stop": 1721814290062}, {"name": "Переход на оформление заказа с последующим переходом в 'Ленту заказов'", "status": "broken", "statusDetails": {"message": "selenium.common.exceptions.TimeoutException: Message: \n\n", "trace": "  File \"C:\\Users\\blood\\AppData\\Local\\Programs\\Python\\Python312\\Lib\\site-packages\\allure_commons\\_allure.py\", line 192, in impl\n    return func(*a, **kw)\n           ^^^^^^^^^^^^^^\n  File \"C:\\Users\\blood\\PycharmProjects\\Diplom\\Diplom_3\\pages\\main_page.py\", line 82, in go_from_feed_to_make_order_then_to_feed\n    self.wait_for_number_to_change(MainPageLocators.ORDER_NUMBER, '9999')\n  File \"C:\\Users\\blood\\PycharmProjects\\Diplom\\Diplom_3\\pages\\base_page.py\", line 35, in wait_for_number_to_change\n    return WebDriverWait(self.driver, 20).until_not(\n           ^^^^^^^^^^^^^^^^^^^^^^^^^^^^^^^^^^^^^^^^^\n  File \"C:\\Users\\blood\\AppData\\Local\\Programs\\Python\\Python312\\Lib\\site-packages\\selenium\\webdriver\\support\\wait.py\", line 128, in until_not\n    raise TimeoutException(message)\n"}, "steps": [{"name": "Переход по клику на «Конструктор»", "status": "passed", "steps": [{"name": "Клик по оверлею", "status": "passed", "start": 1721814290062, "stop": 1721814290360}], "start": 1721814290062, "stop": 1721814290666}, {"name": "Добавление ингредиента в заказ", "status": "passed", "start": 1721814290666, "stop": 1721814301389}], "start": 1721814290062, "stop": 1721814321990}], "parameters": [{"name": "driver", "value": "'firefox'"}], "start": 1721814286190, "stop": 1721814321990, "uuid": "42776466-5993-4ab0-84e3-80a88442d9b3", "historyId": "8d43b7d3e41c945a201db1286105db5f", "testCaseId": "4e22d4954e6eb49c49542a0b7798f82d", "fullName": "tests.test_feed_page.TestFeedPage#test_check_orders_number_all_time", "labels": [{"name": "parentSuite", "value": "tests"}, {"name": "suite", "value": "test_feed_page"}, {"name": "subSuite", "value": "TestFeedPage"}, {"name": "host", "value": "LAPTOP-GCA4K5A1"}, {"name": "thread", "value": "6856-MainThread"}, {"name": "framework", "value": "pytest"}, {"name": "language", "value": "cpython3"}, {"name": "package", "value": "tests.test_feed_page"}]}