{"name": "Тест проверяет, что заказ пользователя из раздела «История заказов» отображается на странице «Лента заказов»", "status": "broken", "statusDetails": {"message": "selenium.common.exceptions.TimeoutException: Message:", "trace": "self = <tests.test_feed_page.TestFeedPage object at 0x000001EB6114BD10>, driver = <selenium.webdriver.firefox.webdriver.WebDriver (session=\"6834f52b-63b5-4aff-8ed2-2bb0f6dfdbb6\")>\ncreate_new_customer_and_delete_after_test = {'email': 'u47ximg9@test.com', 'name': 'dxoqewzchw', 'password': 'ftwpnrvrru'}\n\n    @allure.title(\n        \"Тест проверяет, что заказ пользователя из раздела «История заказов» отображается на странице «Лента заказов»\")\n    def test_check_order_in_feed(self, driver, create_new_customer_and_delete_after_test):\n        payload = create_new_customer_and_delete_after_test\n        personal_account_page = PersonalAccountPage(driver)\n        main_page = MainPage(driver)\n        feed_page = FeedPage(driver)\n    \n        main_page.click_personal_account_button()\n        personal_account_page.sign_up_and_sign_in(payload)\n>       main_page.go_to_personal_account_after_order()\n\ntests\\test_feed_page.py:28: \n_ _ _ _ _ _ _ _ _ _ _ _ _ _ _ _ _ _ _ _ _ _ _ _ _ _ _ _ _ _ _ _ _ _ _ _ _ _ _ _ _ _ _ _ _ _ _ _ _ _ _ _ _ _ _ _ _ _ _ _ _ _ _ _ _ _ _ _ _ _ _ _ _ _ _ _ _ _ _ _ _ _ _ _ _ _ _ _ _ _ _ _\npages\\main_page.py:73: in go_to_personal_account_after_order\n    self.wait_for_number_to_change(MainPageLocators.ORDER_NUMBER, '9999')\npages\\base_page.py:35: in wait_for_number_to_change\n    return WebDriverWait(self.driver, 20).until_not(\n_ _ _ _ _ _ _ _ _ _ _ _ _ _ _ _ _ _ _ _ _ _ _ _ _ _ _ _ _ _ _ _ _ _ _ _ _ _ _ _ _ _ _ _ _ _ _ _ _ _ _ _ _ _ _ _ _ _ _ _ _ _ _ _ _ _ _ _ _ _ _ _ _ _ _ _ _ _ _ _ _ _ _ _ _ _ _ _ _ _ _ _\n\nself = <selenium.webdriver.support.wait.WebDriverWait (session=\"6834f52b-63b5-4aff-8ed2-2bb0f6dfdbb6\")>\nmethod = <function text_to_be_present_in_element.<locals>._predicate at 0x000001EB61258D60>, message = ''\n\n    def until_not(self, method: Callable[[D], T], message: str = \"\") -> Union[T, Literal[True]]:\n        \"\"\"Calls the method provided with the driver as an argument until the \\\n        return value evaluates to ``False``.\n    \n        :param method: callable(WebDriver)\n        :param message: optional message for :exc:`TimeoutException`\n        :returns: the result of the last call to `method`, or\n                  ``True`` if `method` has raised one of the ignored exceptions\n        :raises: :exc:`selenium.common.exceptions.TimeoutException` if timeout occurs\n        \"\"\"\n        end_time = time.monotonic() + self._timeout\n        while True:\n            try:\n                value = method(self._driver)\n                if not value:\n                    return value\n            except self._ignored_exceptions:\n                return True\n            time.sleep(self._poll)\n            if time.monotonic() > end_time:\n                break\n>       raise TimeoutException(message)\nE       selenium.common.exceptions.TimeoutException: Message:\n\n..\\..\\..\\AppData\\Local\\Programs\\Python\\Python312\\Lib\\site-packages\\selenium\\webdriver\\support\\wait.py:128: TimeoutException"}, "steps": [{"name": "Переход по клику на «Личный кабинет»", "status": "passed", "steps": [{"name": "Клик по оверлею", "status": "passed", "start": 1721814203267, "stop": 1721814203734}, {"name": "Клик по оверлею", "status": "passed", "start": 1721814204067, "stop": 1721814204411}], "start": 1721814203267, "stop": 1721814204412}, {"name": "Регистрация и вход", "status": "passed", "parameters": [{"name": "payload", "value": "{'email': 'u47ximg9@test.com', 'password': 'ftwpnrvrru', 'name': 'dxoqewzchw'}"}], "start": 1721814204412, "stop": 1721814205524}, {"name": "Переход в личный кабинет после оформления заказа", "status": "broken", "statusDetails": {"message": "selenium.common.exceptions.TimeoutException: Message: \n\n", "trace": "  File \"C:\\Users\\blood\\AppData\\Local\\Programs\\Python\\Python312\\Lib\\site-packages\\allure_commons\\_allure.py\", line 192, in impl\n    return func(*a, **kw)\n           ^^^^^^^^^^^^^^\n  File \"C:\\Users\\blood\\PycharmProjects\\Diplom\\Diplom_3\\pages\\main_page.py\", line 73, in go_to_personal_account_after_order\n    self.wait_for_number_to_change(MainPageLocators.ORDER_NUMBER, '9999')\n  File \"C:\\Users\\blood\\PycharmProjects\\Diplom\\Diplom_3\\pages\\base_page.py\", line 35, in wait_for_number_to_change\n    return WebDriverWait(self.driver, 20).until_not(\n           ^^^^^^^^^^^^^^^^^^^^^^^^^^^^^^^^^^^^^^^^^\n  File \"C:\\Users\\blood\\AppData\\Local\\Programs\\Python\\Python312\\Lib\\site-packages\\selenium\\webdriver\\support\\wait.py\", line 128, in until_not\n    raise TimeoutException(message)\n"}, "steps": [{"name": "Добавление ингредиента в заказ", "status": "passed", "start": 1721814205525, "stop": 1721814216244}], "start": 1721814205525, "stop": 1721814236871}], "parameters": [{"name": "driver", "value": "'firefox'"}], "start": 1721814203267, "stop": 1721814236875, "uuid": "299106a2-879f-46b7-b778-8387fd5f9769", "historyId": "c6ca308feb8c821548a4eddd8eb47e81", "testCaseId": "ec5c8e596efffee96bd7c32e13cb106b", "fullName": "tests.test_feed_page.TestFeedPage#test_check_order_in_feed", "labels": [{"name": "parentSuite", "value": "tests"}, {"name": "suite", "value": "test_feed_page"}, {"name": "subSuite", "value": "TestFeedPage"}, {"name": "host", "value": "LAPTOP-GCA4K5A1"}, {"name": "thread", "value": "6856-MainThread"}, {"name": "framework", "value": "pytest"}, {"name": "language", "value": "cpython3"}, {"name": "package", "value": "tests.test_feed_page"}]}