{"name": "Тест проверяет, что при создании нового заказа счётчик 'Выполнено за сегодня' увеличивается", "status": "broken", "statusDetails": {"message": "selenium.common.exceptions.TimeoutException: Message:", "trace": "self = <tests.test_feed_page.TestFeedPage object at 0x000001EB6116C3E0>, driver = <selenium.webdriver.firefox.webdriver.WebDriver (session=\"776ab227-4eae-435e-8a52-e8bf70c908a4\")>\ncreate_new_customer_and_delete_after_test = {'email': '96o9dz8v@test.com', 'name': 'mbxdlfkktp', 'password': 'zqpvaqqabp'}\n\n    @allure.title(\"Тест проверяет, что при создании нового заказа счётчик 'Выполнено за сегодня' увеличивается\")\n    def test_check_orders_number_today(self, driver, create_new_customer_and_delete_after_test):\n        payload = create_new_customer_and_delete_after_test\n        personal_account_page = PersonalAccountPage(driver)\n        main_page = MainPage(driver)\n        feed_page = FeedPage(driver)\n    \n        main_page.click_personal_account_button()\n        personal_account_page.sign_up_and_sign_in(payload)\n        main_page.click_feed_button()\n        orders_number_today = feed_page.get_orders_number_today()\n>       main_page.go_from_feed_to_make_order_then_to_feed()\n\ntests\\test_feed_page.py:60: \n_ _ _ _ _ _ _ _ _ _ _ _ _ _ _ _ _ _ _ _ _ _ _ _ _ _ _ _ _ _ _ _ _ _ _ _ _ _ _ _ _ _ _ _ _ _ _ _ _ _ _ _ _ _ _ _ _ _ _ _ _ _ _ _ _ _ _ _ _ _ _ _ _ _ _ _ _ _ _ _ _ _ _ _ _ _ _ _ _ _ _ _\npages\\main_page.py:82: in go_from_feed_to_make_order_then_to_feed\n    self.wait_for_number_to_change(MainPageLocators.ORDER_NUMBER, '9999')\npages\\base_page.py:35: in wait_for_number_to_change\n    return WebDriverWait(self.driver, 20).until_not(\n_ _ _ _ _ _ _ _ _ _ _ _ _ _ _ _ _ _ _ _ _ _ _ _ _ _ _ _ _ _ _ _ _ _ _ _ _ _ _ _ _ _ _ _ _ _ _ _ _ _ _ _ _ _ _ _ _ _ _ _ _ _ _ _ _ _ _ _ _ _ _ _ _ _ _ _ _ _ _ _ _ _ _ _ _ _ _ _ _ _ _ _\n\nself = <selenium.webdriver.support.wait.WebDriverWait (session=\"776ab227-4eae-435e-8a52-e8bf70c908a4\")>\nmethod = <function text_to_be_present_in_element.<locals>._predicate at 0x000001EB6147BBA0>, message = ''\n\n    def until_not(self, method: Callable[[D], T], message: str = \"\") -> Union[T, Literal[True]]:\n        \"\"\"Calls the method provided with the driver as an argument until the \\\n        return value evaluates to ``False``.\n    \n        :param method: callable(WebDriver)\n        :param message: optional message for :exc:`TimeoutException`\n        :returns: the result of the last call to `method`, or\n                  ``True`` if `method` has raised one of the ignored exceptions\n        :raises: :exc:`selenium.common.exceptions.TimeoutException` if timeout occurs\n        \"\"\"\n        end_time = time.monotonic() + self._timeout\n        while True:\n            try:\n                value = method(self._driver)\n                if not value:\n                    return value\n            except self._ignored_exceptions:\n                return True\n            time.sleep(self._poll)\n            if time.monotonic() > end_time:\n                break\n>       raise TimeoutException(message)\nE       selenium.common.exceptions.TimeoutException: Message:\n\n..\\..\\..\\AppData\\Local\\Programs\\Python\\Python312\\Lib\\site-packages\\selenium\\webdriver\\support\\wait.py:128: TimeoutException"}, "steps": [{"name": "Переход по клику на «Личный кабинет»", "status": "passed", "steps": [{"name": "Клик по оверлею", "status": "passed", "start": 1721814366477, "stop": 1721814366914}, {"name": "Клик по оверлею", "status": "passed", "start": 1721814367235, "stop": 1721814367554}], "start": 1721814366477, "stop": 1721814367554}, {"name": "Регистрация и вход", "status": "passed", "parameters": [{"name": "payload", "value": "{'email': '96o9dz8v@test.com', 'password': 'zqpvaqqabp', 'name': 'mbxdlfkktp'}"}], "start": 1721814367554, "stop": 1721814368693}, {"name": "Переход в раздел «Лента заказов»", "status": "passed", "steps": [{"name": "Клик по оверлею", "status": "passed", "start": 1721814368693, "stop": 1721814368991}], "start": 1721814368693, "stop": 1721814369260}, {"name": "Получение количества заказов за сегодня", "status": "passed", "start": 1721814369261, "stop": 1721814369803}, {"name": "Переход на оформление заказа с последующим переходом в 'Ленту заказов'", "status": "broken", "statusDetails": {"message": "selenium.common.exceptions.TimeoutException: Message: \n\n", "trace": "  File \"C:\\Users\\blood\\AppData\\Local\\Programs\\Python\\Python312\\Lib\\site-packages\\allure_commons\\_allure.py\", line 192, in impl\n    return func(*a, **kw)\n           ^^^^^^^^^^^^^^\n  File \"C:\\Users\\blood\\PycharmProjects\\Diplom\\Diplom_3\\pages\\main_page.py\", line 82, in go_from_feed_to_make_order_then_to_feed\n    self.wait_for_number_to_change(MainPageLocators.ORDER_NUMBER, '9999')\n  File \"C:\\Users\\blood\\PycharmProjects\\Diplom\\Diplom_3\\pages\\base_page.py\", line 35, in wait_for_number_to_change\n    return WebDriverWait(self.driver, 20).until_not(\n           ^^^^^^^^^^^^^^^^^^^^^^^^^^^^^^^^^^^^^^^^^\n  File \"C:\\Users\\blood\\AppData\\Local\\Programs\\Python\\Python312\\Lib\\site-packages\\selenium\\webdriver\\support\\wait.py\", line 128, in until_not\n    raise TimeoutException(message)\n"}, "steps": [{"name": "Переход по клику на «Конструктор»", "status": "passed", "steps": [{"name": "Клик по оверлею", "status": "passed", "start": 1721814369803, "stop": 1721814370104}], "start": 1721814369803, "stop": 1721814370410}, {"name": "Добавление ингредиента в заказ", "status": "passed", "start": 1721814370411, "stop": 1721814381152}], "start": 1721814369803, "stop": 1721814401766}], "parameters": [{"name": "driver", "value": "'firefox'"}], "start": 1721814366476, "stop": 1721814401768, "uuid": "30cc6082-973b-4121-859b-4c949f00ed46", "historyId": "a4f3f302527d342e01c6dcbdb7bb4c83", "testCaseId": "3042177a3a419af1446fd45e4856b4af", "fullName": "tests.test_feed_page.TestFeedPage#test_check_orders_number_today", "labels": [{"name": "parentSuite", "value": "tests"}, {"name": "suite", "value": "test_feed_page"}, {"name": "subSuite", "value": "TestFeedPage"}, {"name": "host", "value": "LAPTOP-GCA4K5A1"}, {"name": "thread", "value": "6856-MainThread"}, {"name": "framework", "value": "pytest"}, {"name": "language", "value": "cpython3"}, {"name": "package", "value": "tests.test_feed_page"}]}